{"total": {"lines":{"total":805,"covered":783,"skipped":0,"pct":97.26},"statements":{"total":828,"covered":806,"skipped":0,"pct":97.34},"functions":{"total":162,"covered":148,"skipped":0,"pct":91.35},"branches":{"total":302,"covered":254,"skipped":0,"pct":84.1},"branchesTrue":{"total":0,"covered":0,"skipped":0,"pct":"Unknown"}}
,"D:\\下载内容\\biztrack-main (2)\\biztrack-main\\finances.js": {"lines":{"total":194,"covered":189,"skipped":0,"pct":97.42},"functions":{"total":39,"covered":35,"skipped":0,"pct":89.74},"statements":{"total":200,"covered":195,"skipped":0,"pct":97.5},"branches":{"total":71,"covered":60,"skipped":0,"pct":84.5}}
,"D:\\下载内容\\biztrack-main (2)\\biztrack-main\\help.js": {"lines":{"total":17,"covered":17,"skipped":0,"pct":100},"functions":{"total":2,"covered":2,"skipped":0,"pct":100},"statements":{"total":17,"covered":17,"skipped":0,"pct":100},"branches":{"total":10,"covered":8,"skipped":0,"pct":80}}
,"D:\\下载内容\\biztrack-main (2)\\biztrack-main\\i18n.js": {"lines":{"total":27,"covered":27,"skipped":0,"pct":100},"functions":{"total":9,"covered":9,"skipped":0,"pct":100},"statements":{"total":27,"covered":27,"skipped":0,"pct":100},"branches":{"total":6,"covered":5,"skipped":0,"pct":83.33}}
,"D:\\下载内容\\biztrack-main (2)\\biztrack-main\\orders.js": {"lines":{"total":267,"covered":260,"skipped":0,"pct":97.37},"functions":{"total":47,"covered":43,"skipped":0,"pct":91.48},"statements":{"total":276,"covered":269,"skipped":0,"pct":97.46},"branches":{"total":100,"covered":85,"skipped":0,"pct":85}}
,"D:\\下载内容\\biztrack-main (2)\\biztrack-main\\privacy.js": {"lines":{"total":10,"covered":10,"skipped":0,"pct":100},"functions":{"total":2,"covered":2,"skipped":0,"pct":100},"statements":{"total":10,"covered":10,"skipped":0,"pct":100},"branches":{"total":2,"covered":2,"skipped":0,"pct":100}}
,"D:\\下载内容\\biztrack-main (2)\\biztrack-main\\products.js": {"lines":{"total":201,"covered":192,"skipped":0,"pct":95.52},"functions":{"total":41,"covered":35,"skipped":0,"pct":85.36},"statements":{"total":207,"covered":198,"skipped":0,"pct":95.65},"branches":{"total":77,"covered":65,"skipped":0,"pct":84.41}}
,"D:\\下载内容\\biztrack-main (2)\\biztrack-main\\script.js": {"lines":{"total":89,"covered":88,"skipped":0,"pct":98.87},"functions":{"total":22,"covered":22,"skipped":0,"pct":100},"statements":{"total":91,"covered":90,"skipped":0,"pct":98.9},"branches":{"total":36,"covered":29,"skipped":0,"pct":80.55}}
}
